TN:
SF:app.js
FN:32,(anonymous_0)
FN:37,(anonymous_1)
FNF:2
FNH:2
FNDA:2,(anonymous_0)
FNDA:51,(anonymous_1)
DA:5,5
DA:6,5
DA:8,5
DA:10,5
DA:11,5
DA:12,5
DA:13,5
DA:14,5
DA:16,5
DA:18,5
DA:20,5
DA:21,5
DA:22,5
DA:23,5
DA:25,5
DA:26,5
DA:27,5
DA:28,5
DA:32,5
DA:33,2
DA:37,5
DA:38,51
DA:39,51
DA:40,51
DA:42,51
DA:47,5
LF:26
LH:26
BRDA:38,0,0,1
BRDA:38,0,1,50
BRDA:39,1,0,51
BRDA:39,1,1,3
BRF:4
BRH:4
end_of_record
TN:
SF:config.js
FN:13,getDatabaseUri
FNF:1
FNH:1
FNDA:22,getDatabaseUri
DA:5,11
DA:6,11
DA:8,11
DA:10,11
DA:14,22
DA:22,11
DA:24,11
DA:25,11
DA:26,11
DA:27,11
DA:28,11
DA:29,11
DA:31,11
LF:13
LH:13
BRDA:8,0,0,11
BRDA:8,0,1,10
BRDA:10,1,0,11
BRDA:10,1,1,10
BRDA:14,2,0,19
BRDA:14,2,1,3
BRDA:16,3,0,3
BRDA:16,3,1,1
BRDA:22,4,0,10
BRDA:22,4,1,1
BRF:10
BRH:10
end_of_record
TN:
SF:db.js
FNF:0
FNH:0
DA:3,8
DA:4,8
DA:8,8
DA:9,0
DA:16,8
DA:21,8
DA:23,8
LF:7
LH:6
BRDA:8,0,0,0
BRDA:8,0,1,8
BRF:2
BRH:1
end_of_record
TN:
SF:expressError.js
FN:8,(anonymous_0)
FN:18,(anonymous_1)
FN:26,(anonymous_2)
FN:34,(anonymous_3)
FN:42,(anonymous_4)
FNF:5
FNH:4
FNDA:67,(anonymous_0)
FNDA:20,(anonymous_1)
FNDA:25,(anonymous_2)
FNDA:22,(anonymous_3)
FNDA:0,(anonymous_4)
DA:9,67
DA:10,67
DA:11,67
DA:19,20
DA:27,25
DA:35,22
DA:43,0
DA:47,10
LF:8
LH:7
BRDA:18,0,0,2
BRDA:26,1,0,21
BRDA:34,2,0,0
BRDA:42,3,0,0
BRF:4
BRH:2
end_of_record
TN:
SF:helpers/sql.js
FN:5,sqlForPartialUpdate
FN:10,(anonymous_1)
FN:23,sqlForFiltering
FN:26,(anonymous_3)
FN:40,sqlForFilteringJobs
FN:45,(anonymous_5)
FNF:6
FNH:6
FNDA:21,sqlForPartialUpdate
FNDA:37,(anonymous_1)
FNDA:5,sqlForFiltering
FNDA:7,(anonymous_3)
FNDA:7,sqlForFilteringJobs
FNDA:11,(anonymous_5)
DA:1,9
DA:6,21
DA:7,21
DA:10,18
DA:11,37
DA:14,18
DA:24,5
DA:25,5
DA:26,5
DA:27,7
DA:28,4
DA:29,0
DA:31,5
DA:41,7
DA:42,7
DA:43,7
DA:44,7
DA:45,7
DA:46,11
DA:47,3
DA:48,3
DA:49,3
DA:51,8
DA:52,5
DA:53,5
DA:54,5
DA:56,3
DA:58,7
DA:64,9
LF:29
LH:28
BRDA:7,0,0,3
BRDA:7,0,1,18
BRDA:11,1,0,37
BRDA:11,1,1,23
BRDA:27,2,0,3
BRDA:27,2,1,4
BRDA:28,3,0,4
BRDA:28,3,1,0
BRDA:29,4,0,0
BRDA:29,4,1,0
BRDA:46,5,0,3
BRDA:46,5,1,8
BRDA:51,6,0,5
BRDA:51,6,1,3
BRDA:56,7,0,3
BRDA:56,7,1,0
BRDA:56,8,0,3
BRDA:56,8,1,3
BRF:18
BRH:14
end_of_record
TN:
SF:helpers/tokens.js
FN:6,createToken
FNF:1
FNH:1
FNDA:15,createToken
DA:1,6
DA:2,6
DA:7,15
DA:10,15
DA:15,15
DA:18,6
LF:6
LH:6
BRDA:12,0,0,15
BRDA:12,0,1,8
BRF:2
BRH:2
end_of_record
TN:
SF:middleware/auth.js
FN:18,authenticateJWT
FN:36,ensureLoggedIn
FN:50,ensureIsAdmin
FN:61,ensureCorrectUser
FNF:4
FNH:4
FNDA:83,authenticateJWT
FNDA:2,ensureLoggedIn
FNDA:40,ensureIsAdmin
FNDA:19,ensureCorrectUser
DA:5,6
DA:6,6
DA:7,6
DA:19,83
DA:20,83
DA:21,83
DA:22,49
DA:23,49
DA:25,82
DA:27,1
DA:37,2
DA:38,2
DA:39,1
DA:41,1
DA:51,40
DA:52,40
DA:53,40
DA:54,40
DA:55,25
DA:57,15
DA:62,19
DA:63,19
DA:64,19
DA:65,14
DA:67,5
DA:71,6
LF:26
LH:26
BRDA:20,0,0,83
BRDA:20,0,1,82
BRDA:21,1,0,49
BRDA:21,1,1,34
BRDA:38,2,0,1
BRDA:38,2,1,1
BRDA:54,3,0,15
BRDA:54,3,1,25
BRDA:54,4,0,40
BRDA:54,4,1,34
BRDA:64,5,0,5
BRDA:64,5,1,14
BRDA:64,6,0,19
BRDA:64,6,1,16
BRDA:64,6,2,9
BRF:15
BRH:15
end_of_record
TN:
SF:models/_testCommon.js
FN:6,commonBeforeAll
FN:41,commonBeforeEach
FN:45,commonAfterEach
FN:49,commonAfterAll
FNF:4
FNH:4
FNDA:3,commonBeforeAll
FNDA:40,commonBeforeEach
FNDA:40,commonAfterEach
FNDA:3,commonAfterAll
DA:1,3
DA:3,3
DA:4,3
DA:8,3
DA:10,3
DA:12,3
DA:14,3
DA:20,3
DA:34,3
DA:42,40
DA:46,40
DA:50,3
DA:54,3
LF:13
LH:13
BRF:0
BRH:0
end_of_record
TN:
SF:models/company.js
FN:19,(anonymous_0)
FN:53,(anonymous_1)
FN:81,(anonymous_2)
FN:111,(anonymous_3)
FN:141,(anonymous_4)
FNF:5
FNH:5
FNDA:16,(anonymous_0)
FNDA:7,(anonymous_1)
FNDA:5,(anonymous_2)
FNDA:6,(anonymous_3)
FNDA:4,(anonymous_4)
DA:3,6
DA:4,6
DA:5,6
DA:20,16
DA:26,16
DA:27,1
DA:29,15
DA:42,15
DA:44,15
DA:56,7
DA:57,4
DA:58,4
DA:59,4
DA:61,7
DA:70,6
DA:82,5
DA:92,5
DA:94,5
DA:96,3
DA:112,6
DA:118,5
DA:120,5
DA:128,5
DA:129,5
DA:131,5
DA:133,3
DA:142,4
DA:148,4
DA:150,4
DA:155,6
LF:30
LH:30
BRDA:26,0,0,1
BRDA:26,0,1,15
BRDA:53,1,0,1
BRDA:56,2,0,4
BRDA:56,2,1,3
BRDA:94,3,0,2
BRDA:94,3,1,3
BRDA:131,4,0,2
BRDA:131,4,1,3
BRDA:150,5,0,2
BRDA:150,5,1,2
BRF:11
BRH:11
end_of_record
TN:
SF:models/job.js
FN:17,(anonymous_0)
FN:43,(anonymous_1)
FN:71,(anonymous_2)
FN:101,(anonymous_3)
FN:130,(anonymous_4)
FNF:5
FNH:5
FNDA:14,(anonymous_0)
FNDA:8,(anonymous_1)
FNDA:4,(anonymous_2)
FNDA:6,(anonymous_3)
FNDA:4,(anonymous_4)
DA:3,6
DA:4,6
DA:5,6
DA:19,14
DA:31,14
DA:32,14
DA:34,14
DA:46,8
DA:47,5
DA:48,5
DA:49,5
DA:51,8
DA:60,7
DA:72,4
DA:82,4
DA:84,4
DA:86,2
DA:102,6
DA:107,5
DA:109,5
DA:117,5
DA:118,5
DA:120,5
DA:122,3
DA:131,4
DA:137,4
DA:139,4
DA:144,6
LF:28
LH:28
BRDA:43,0,0,0
BRDA:46,1,0,5
BRDA:46,1,1,3
BRDA:84,2,0,2
BRDA:84,2,1,2
BRDA:120,3,0,2
BRDA:120,3,1,3
BRDA:139,4,0,2
BRDA:139,4,1,2
BRF:9
BRH:8
end_of_record
TN:
SF:models/user.js
FN:24,(anonymous_0)
FN:59,(anonymous_1)
FN:104,(anonymous_2)
FN:126,(anonymous_3)
FN:162,(anonymous_4)
FN:195,(anonymous_5)
FNF:6
FNH:6
FNDA:7,(anonymous_0)
FNDA:19,(anonymous_1)
FNDA:3,(anonymous_2)
FNDA:6,(anonymous_3)
FNDA:8,(anonymous_4)
FNDA:5,(anonymous_5)
DA:3,6
DA:4,6
DA:5,6
DA:10,6
DA:12,6
DA:26,7
DA:38,7
DA:40,7
DA:42,4
DA:43,4
DA:44,3
DA:45,3
DA:49,4
DA:61,19
DA:68,19
DA:69,1
DA:72,18
DA:74,18
DA:94,18
DA:96,18
DA:105,3
DA:115,2
DA:127,6
DA:138,6
DA:140,6
DA:142,4
DA:163,8
DA:164,2
DA:167,8
DA:174,7
DA:176,7
DA:184,7
DA:185,7
DA:187,7
DA:189,5
DA:190,5
DA:196,5
DA:203,5
DA:205,5
DA:210,6
LF:40
LH:40
BRDA:40,0,0,4
BRDA:40,0,1,3
BRDA:43,1,0,3
BRDA:43,1,1,1
BRDA:68,2,0,1
BRDA:68,2,1,18
BRDA:140,3,0,2
BRDA:140,3,1,4
BRDA:163,4,0,2
BRDA:163,4,1,6
BRDA:187,5,0,2
BRDA:187,5,1,5
BRDA:205,6,0,2
BRDA:205,6,1,3
BRF:14
BRH:14
end_of_record
TN:
SF:routes/_testCommon.js
FN:12,commonBeforeAll
FN:96,commonBeforeEach
FN:100,commonAfterEach
FN:104,commonAfterAll
FNF:4
FNH:4
FNDA:4,commonBeforeAll
FNDA:75,commonBeforeEach
FNDA:75,commonAfterEach
FNDA:4,commonAfterAll
DA:3,4
DA:4,4
DA:5,4
DA:6,4
DA:7,4
DA:14,4
DA:16,4
DA:18,4
DA:20,4
DA:28,4
DA:36,4
DA:45,4
DA:53,4
DA:61,4
DA:70,4
DA:77,4
DA:84,4
DA:90,4
DA:91,4
DA:92,4
DA:93,4
DA:97,75
DA:101,75
DA:105,4
DA:109,4
DA:110,4
DA:113,4
LF:27
LH:27
BRF:0
BRH:0
end_of_record
TN:
SF:routes/auth.js
FN:22,(anonymous_0)
FN:26,(anonymous_1)
FN:49,(anonymous_2)
FN:53,(anonymous_3)
FNF:4
FNH:4
FNDA:5,(anonymous_0)
FNDA:2,(anonymous_1)
FNDA:3,(anonymous_2)
FNDA:5,(anonymous_3)
DA:5,5
DA:7,5
DA:8,5
DA:9,5
DA:10,5
DA:11,5
DA:12,5
DA:13,5
DA:22,5
DA:23,5
DA:24,5
DA:25,5
DA:26,2
DA:27,2
DA:30,3
DA:31,3
DA:32,1
DA:33,1
DA:35,4
DA:49,5
DA:50,3
DA:51,3
DA:52,3
DA:53,5
DA:54,2
DA:57,1
DA:58,1
DA:59,1
DA:61,2
DA:66,5
LF:30
LH:30
BRDA:25,0,0,2
BRDA:25,0,1,3
BRDA:52,1,0,2
BRDA:52,1,1,1
BRF:4
BRH:4
end_of_record
TN:
SF:routes/companies.js
FN:28,(anonymous_0)
FN:32,(anonymous_1)
FN:53,(anonymous_2)
FN:59,(anonymous_3)
FN:80,(anonymous_4)
FN:100,(anonymous_5)
FN:104,(anonymous_6)
FN:120,(anonymous_7)
FNF:8
FNH:8
FNDA:4,(anonymous_0)
FNDA:10,(anonymous_1)
FNDA:5,(anonymous_2)
FNDA:1,(anonymous_3)
FNDA:3,(anonymous_4)
FNDA:4,(anonymous_5)
FNDA:2,(anonymous_6)
FNDA:2,(anonymous_7)
DA:5,5
DA:6,5
DA:8,5
DA:9,5
DA:10,5
DA:12,5
DA:13,5
DA:14,5
DA:16,5
DA:28,5
DA:29,4
DA:30,4
DA:31,4
DA:32,10
DA:33,3
DA:35,1
DA:36,1
DA:38,3
DA:53,5
DA:54,5
DA:55,5
DA:56,5
DA:57,5
DA:58,5
DA:59,1
DA:60,1
DA:62,4
DA:64,4
DA:65,4
DA:66,3
DA:68,2
DA:80,5
DA:81,3
DA:82,3
DA:83,2
DA:85,1
DA:100,5
DA:101,4
DA:102,4
DA:103,4
DA:104,2
DA:105,2
DA:108,2
DA:109,1
DA:111,3
DA:120,5
DA:121,2
DA:122,2
DA:123,1
DA:125,1
DA:130,5
LF:51
LH:51
BRDA:31,0,0,3
BRDA:31,0,1,1
BRDA:58,1,0,1
BRDA:58,1,1,4
BRDA:64,2,0,2
BRDA:64,2,1,2
BRDA:103,3,0,2
BRDA:103,3,1,2
BRF:8
BRH:8
end_of_record
TN:
SF:routes/jobs.js
FN:28,(anonymous_0)
FN:32,(anonymous_1)
FN:54,(anonymous_2)
FN:58,(anonymous_3)
FN:80,(anonymous_4)
FN:100,(anonymous_5)
FN:104,(anonymous_6)
FN:120,(anonymous_7)
FNF:8
FNH:8
FNDA:2,(anonymous_0)
FNDA:1,(anonymous_1)
FNDA:6,(anonymous_2)
FNDA:1,(anonymous_3)
FNDA:2,(anonymous_4)
FNDA:4,(anonymous_5)
FNDA:2,(anonymous_6)
FNDA:2,(anonymous_7)
DA:5,5
DA:6,5
DA:8,5
DA:9,5
DA:10,5
DA:12,5
DA:13,5
DA:14,5
DA:16,5
DA:28,5
DA:29,2
DA:30,2
DA:31,2
DA:32,1
DA:33,1
DA:34,1
DA:36,1
DA:37,1
DA:39,1
DA:54,5
DA:55,6
DA:56,6
DA:57,6
DA:58,1
DA:59,1
DA:61,5
DA:63,5
DA:64,5
DA:65,5
DA:66,4
DA:67,4
DA:69,2
DA:80,5
DA:81,2
DA:82,2
DA:83,1
DA:85,1
DA:100,5
DA:101,4
DA:102,4
DA:103,4
DA:104,2
DA:105,2
DA:108,2
DA:109,1
DA:111,3
DA:120,5
DA:121,2
DA:122,2
DA:123,1
DA:125,1
DA:130,5
LF:52
LH:52
BRDA:31,0,0,1
BRDA:31,0,1,1
BRDA:57,1,0,1
BRDA:57,1,1,5
BRDA:63,2,0,3
BRDA:63,2,1,2
BRDA:103,3,0,2
BRDA:103,3,1,2
BRF:8
BRH:8
end_of_record
TN:
SF:routes/users.js
FN:30,(anonymous_0)
FN:34,(anonymous_1)
FN:54,(anonymous_2)
FN:71,(anonymous_3)
FN:91,(anonymous_4)
FN:95,(anonymous_5)
FN:112,(anonymous_6)
FNF:7
FNH:7
FNDA:4,(anonymous_0)
FNDA:5,(anonymous_1)
FNDA:2,(anonymous_2)
FNDA:4,(anonymous_3)
FNDA:5,(anonymous_4)
FNDA:1,(anonymous_5)
FNDA:3,(anonymous_6)
DA:5,5
DA:7,5
DA:8,5
DA:9,5
DA:10,5
DA:11,5
DA:12,5
DA:13,5
DA:15,5
DA:30,5
DA:31,4
DA:32,4
DA:33,4
DA:34,5
DA:35,2
DA:38,2
DA:39,2
DA:40,2
DA:42,2
DA:54,5
DA:55,2
DA:56,2
DA:57,1
DA:59,1
DA:71,5
DA:72,4
DA:73,4
DA:74,3
DA:76,1
DA:91,5
DA:92,5
DA:93,5
DA:94,5
DA:95,1
DA:96,1
DA:99,4
DA:100,3
DA:102,2
DA:112,5
DA:113,3
DA:114,3
DA:115,2
DA:117,1
DA:122,5
LF:44
LH:44
BRDA:33,0,0,2
BRDA:33,0,1,2
BRDA:94,1,0,1
BRDA:94,1,1,4
BRF:4
BRH:4
end_of_record
